================================================================================
HPLinpack 2.3  --  High-Performance Linpack benchmark  --   December 2, 2018
Written by A. Petitet and R. Clint Whaley,  Innovative Computing Laboratory, UTK
Modified by Piotr Luszczek, Innovative Computing Laboratory, UTK
Modified by Julien Langou, University of Colorado Denver
================================================================================

An explanation of the input/output parameters follows:
T/V    : Wall time / encoded variant.
N      : The order of the coefficient matrix A.
NB     : The partitioning blocking factor.
P      : The number of process rows.
Q      : The number of process columns.
Time   : Time in seconds to solve the linear system.
Gflops : Rate of execution for solving the linear system.

The following parameter values will be used:

N      :      30    51904    51936    51968    52000    52032    52064    52096
NB     :     128      144      160
PMAP   : Row-major process mapping
P      :       2
Q      :       8
PFACT  :   Right
NBMIN  :       4
NDIV   :       2
RFACT  :   Crout
BCAST  :   1ring
DEPTH  :       0
SWAP   : Mix (threshold = 64)
L1     : transposed form
U      : transposed form
EQUIL  : yes
ALIGN  : 8 double precision words

--------------------------------------------------------------------------------

- The matrix A is randomly generated for each test.
- The following scaled residual check will be computed:
      ||Ax-b||_oo / ( eps * ( || x ||_oo * || A ||_oo + || b ||_oo ) * N )
- The relative machine precision (eps) is taken to be               1.110223e-16
- Computational tests pass if scaled residuals are less than                16.0

================================================================================
T/V                N    NB     P     Q               Time                 Gflops
--------------------------------------------------------------------------------
WR00C2R4          30   128     2     8               0.00             1.5698e-02
HPL_pdgesv() start time Thu Jun  6 21:27:51 2024

HPL_pdgesv() end time   Thu Jun  6 21:27:51 2024

--------------------------------------------------------------------------------
||Ax-b||_oo/(eps*(||A||_oo*||x||_oo+||b||_oo)*N)=   1.50135214e-02 ...... PASSED
================================================================================
T/V                N    NB     P     Q               Time                 Gflops
--------------------------------------------------------------------------------
WR00C2R4          30   144     2     8               0.00             1.8056e-02
HPL_pdgesv() start time Thu Jun  6 21:27:51 2024

HPL_pdgesv() end time   Thu Jun  6 21:27:51 2024

--------------------------------------------------------------------------------
||Ax-b||_oo/(eps*(||A||_oo*||x||_oo+||b||_oo)*N)=   1.50135214e-02 ...... PASSED
================================================================================
T/V                N    NB     P     Q               Time                 Gflops
--------------------------------------------------------------------------------
WR00C2R4          30   160     2     8               0.00             1.9808e-02
HPL_pdgesv() start time Thu Jun  6 21:27:51 2024

HPL_pdgesv() end time   Thu Jun  6 21:27:51 2024

--------------------------------------------------------------------------------
||Ax-b||_oo/(eps*(||A||_oo*||x||_oo+||b||_oo)*N)=   1.50135214e-02 ...... PASSED
================================================================================
T/V                N    NB     P     Q               Time                 Gflops
--------------------------------------------------------------------------------
WR00C2R4       51904   128     2     8             143.92             6.4773e+02
HPL_pdgesv() start time Thu Jun  6 21:27:54 2024

HPL_pdgesv() end time   Thu Jun  6 21:30:18 2024

--------------------------------------------------------------------------------
||Ax-b||_oo/(eps*(||A||_oo*||x||_oo+||b||_oo)*N)=   1.36280997e-03 ...... PASSED
================================================================================
T/V                N    NB     P     Q               Time                 Gflops
--------------------------------------------------------------------------------
WR00C2R4       51904   144     2     8             143.74             6.4856e+02
HPL_pdgesv() start time Thu Jun  6 21:30:25 2024

HPL_pdgesv() end time   Thu Jun  6 21:32:49 2024

--------------------------------------------------------------------------------
||Ax-b||_oo/(eps*(||A||_oo*||x||_oo+||b||_oo)*N)=   1.27227073e-03 ...... PASSED
================================================================================
T/V                N    NB     P     Q               Time                 Gflops
--------------------------------------------------------------------------------
WR00C2R4       51904   160     2     8             143.26             6.5073e+02
HPL_pdgesv() start time Thu Jun  6 21:32:56 2024

HPL_pdgesv() end time   Thu Jun  6 21:35:19 2024

--------------------------------------------------------------------------------
||Ax-b||_oo/(eps*(||A||_oo*||x||_oo+||b||_oo)*N)=   1.18930999e-03 ...... PASSED
================================================================================
T/V                N    NB     P     Q               Time                 Gflops
--------------------------------------------------------------------------------
WR00C2R4       51936   128     2     8             144.04             6.4840e+02
HPL_pdgesv() start time Thu Jun  6 21:35:26 2024

HPL_pdgesv() end time   Thu Jun  6 21:37:50 2024

--------------------------------------------------------------------------------
||Ax-b||_oo/(eps*(||A||_oo*||x||_oo+||b||_oo)*N)=   1.27285286e-03 ...... PASSED
================================================================================
T/V                N    NB     P     Q               Time                 Gflops
--------------------------------------------------------------------------------
WR00C2R4       51936   144     2     8             146.89             6.3582e+02
HPL_pdgesv() start time Thu Jun  6 21:37:57 2024

HPL_pdgesv() end time   Thu Jun  6 21:40:24 2024

--------------------------------------------------------------------------------
||Ax-b||_oo/(eps*(||A||_oo*||x||_oo+||b||_oo)*N)=   1.21130537e-03 ...... PASSED
================================================================================
T/V                N    NB     P     Q               Time                 Gflops
--------------------------------------------------------------------------------
WR00C2R4       51936   160     2     8             150.73             6.1963e+02
HPL_pdgesv() start time Thu Jun  6 21:40:31 2024

HPL_pdgesv() end time   Thu Jun  6 21:43:02 2024

--------------------------------------------------------------------------------
||Ax-b||_oo/(eps*(||A||_oo*||x||_oo+||b||_oo)*N)=   1.32716085e-03 ...... PASSED
================================================================================
T/V                N    NB     P     Q               Time                 Gflops
--------------------------------------------------------------------------------
WR00C2R4       51968   128     2     8             150.55             6.2151e+02
HPL_pdgesv() start time Thu Jun  6 21:43:09 2024

HPL_pdgesv() end time   Thu Jun  6 21:45:40 2024

--------------------------------------------------------------------------------
||Ax-b||_oo/(eps*(||A||_oo*||x||_oo+||b||_oo)*N)=   1.40394821e-03 ...... PASSED
================================================================================
T/V                N    NB     P     Q               Time                 Gflops
--------------------------------------------------------------------------------
WR00C2R4       51968   144     2     8             150.44             6.2197e+02
HPL_pdgesv() start time Thu Jun  6 21:45:47 2024

HPL_pdgesv() end time   Thu Jun  6 21:48:17 2024

--------------------------------------------------------------------------------
||Ax-b||_oo/(eps*(||A||_oo*||x||_oo+||b||_oo)*N)=   1.54336468e-03 ...... PASSED
================================================================================
T/V                N    NB     P     Q               Time                 Gflops
--------------------------------------------------------------------------------
WR00C2R4       51968   160     2     8             150.25             6.2278e+02
HPL_pdgesv() start time Thu Jun  6 21:48:25 2024

HPL_pdgesv() end time   Thu Jun  6 21:50:55 2024

--------------------------------------------------------------------------------
||Ax-b||_oo/(eps*(||A||_oo*||x||_oo+||b||_oo)*N)=   1.42061980e-03 ...... PASSED
================================================================================
T/V                N    NB     P     Q               Time                 Gflops
--------------------------------------------------------------------------------
WR00C2R4       52000   128     2     8             150.92             6.2112e+02
HPL_pdgesv() start time Thu Jun  6 21:51:02 2024

HPL_pdgesv() end time   Thu Jun  6 21:53:33 2024

--------------------------------------------------------------------------------
||Ax-b||_oo/(eps*(||A||_oo*||x||_oo+||b||_oo)*N)=   1.25948546e-03 ...... PASSED
================================================================================
T/V                N    NB     P     Q               Time                 Gflops
--------------------------------------------------------------------------------
WR00C2R4       52000   144     2     8             149.70             6.2622e+02
HPL_pdgesv() start time Thu Jun  6 21:53:40 2024

HPL_pdgesv() end time   Thu Jun  6 21:56:10 2024

--------------------------------------------------------------------------------
||Ax-b||_oo/(eps*(||A||_oo*||x||_oo+||b||_oo)*N)=   1.29113164e-03 ...... PASSED
================================================================================
T/V                N    NB     P     Q               Time                 Gflops
--------------------------------------------------------------------------------
WR00C2R4       52000   160     2     8             144.23             6.4995e+02
HPL_pdgesv() start time Thu Jun  6 21:56:17 2024

HPL_pdgesv() end time   Thu Jun  6 21:58:41 2024

--------------------------------------------------------------------------------
||Ax-b||_oo/(eps*(||A||_oo*||x||_oo+||b||_oo)*N)=   1.35834941e-03 ...... PASSED
================================================================================
T/V                N    NB     P     Q               Time                 Gflops
--------------------------------------------------------------------------------
WR00C2R4       52032   128     2     8             150.54             6.2387e+02
HPL_pdgesv() start time Thu Jun  6 21:58:48 2024

HPL_pdgesv() end time   Thu Jun  6 22:01:19 2024

--------------------------------------------------------------------------------
||Ax-b||_oo/(eps*(||A||_oo*||x||_oo+||b||_oo)*N)=   1.49160828e-03 ...... PASSED
================================================================================
T/V                N    NB     P     Q               Time                 Gflops
--------------------------------------------------------------------------------
WR00C2R4       52032   144     2     8             149.46             6.2838e+02
HPL_pdgesv() start time Thu Jun  6 22:01:26 2024

HPL_pdgesv() end time   Thu Jun  6 22:03:55 2024

--------------------------------------------------------------------------------
||Ax-b||_oo/(eps*(||A||_oo*||x||_oo+||b||_oo)*N)=   1.36334852e-03 ...... PASSED
================================================================================
T/V                N    NB     P     Q               Time                 Gflops
--------------------------------------------------------------------------------
WR00C2R4       52032   160     2     8             149.89             6.2658e+02
HPL_pdgesv() start time Thu Jun  6 22:04:03 2024

HPL_pdgesv() end time   Thu Jun  6 22:06:32 2024

--------------------------------------------------------------------------------
||Ax-b||_oo/(eps*(||A||_oo*||x||_oo+||b||_oo)*N)=   1.38787040e-03 ...... PASSED
================================================================================
T/V                N    NB     P     Q               Time                 Gflops
--------------------------------------------------------------------------------
WR00C2R4       52064   128     2     8             150.07             6.2698e+02
HPL_pdgesv() start time Thu Jun  6 22:06:40 2024

HPL_pdgesv() end time   Thu Jun  6 22:09:10 2024

--------------------------------------------------------------------------------
||Ax-b||_oo/(eps*(||A||_oo*||x||_oo+||b||_oo)*N)=   1.14584127e-03 ...... PASSED
================================================================================
T/V                N    NB     P     Q               Time                 Gflops
--------------------------------------------------------------------------------
WR00C2R4       52064   144     2     8             150.11             6.2682e+02
HPL_pdgesv() start time Thu Jun  6 22:09:17 2024

HPL_pdgesv() end time   Thu Jun  6 22:11:47 2024

--------------------------------------------------------------------------------
||Ax-b||_oo/(eps*(||A||_oo*||x||_oo+||b||_oo)*N)=   1.10617932e-03 ...... PASSED
================================================================================
T/V                N    NB     P     Q               Time                 Gflops
--------------------------------------------------------------------------------
WR00C2R4       52064   160     2     8             144.93             6.4922e+02
HPL_pdgesv() start time Thu Jun  6 22:11:54 2024

HPL_pdgesv() end time   Thu Jun  6 22:14:19 2024

--------------------------------------------------------------------------------
||Ax-b||_oo/(eps*(||A||_oo*||x||_oo+||b||_oo)*N)=   1.13205683e-03 ...... PASSED
================================================================================
T/V                N    NB     P     Q               Time                 Gflops
--------------------------------------------------------------------------------
WR00C2R4       52096   128     2     8             167.26             5.6359e+02
HPL_pdgesv() start time Thu Jun  6 22:14:26 2024

HPL_pdgesv() end time   Thu Jun  6 22:17:13 2024

--------------------------------------------------------------------------------
||Ax-b||_oo/(eps*(||A||_oo*||x||_oo+||b||_oo)*N)=   1.31976747e-03 ...... PASSED
================================================================================
T/V                N    NB     P     Q               Time                 Gflops
--------------------------------------------------------------------------------
WR00C2R4       52096   144     2     8             145.10             6.4962e+02
HPL_pdgesv() start time Thu Jun  6 22:17:20 2024

HPL_pdgesv() end time   Thu Jun  6 22:19:45 2024

--------------------------------------------------------------------------------
||Ax-b||_oo/(eps*(||A||_oo*||x||_oo+||b||_oo)*N)=   1.33200496e-03 ...... PASSED
================================================================================
T/V                N    NB     P     Q               Time                 Gflops
--------------------------------------------------------------------------------
WR00C2R4       52096   160     2     8             144.45             6.5257e+02
HPL_pdgesv() start time Thu Jun  6 22:19:52 2024

HPL_pdgesv() end time   Thu Jun  6 22:22:17 2024

--------------------------------------------------------------------------------
||Ax-b||_oo/(eps*(||A||_oo*||x||_oo+||b||_oo)*N)=   1.34279268e-03 ...... PASSED
================================================================================

Finished     24 tests with the following results:
             24 tests completed and passed residual checks,
              0 tests completed and failed residual checks,
              0 tests skipped because of illegal input values.
--------------------------------------------------------------------------------

End of Tests.
================================================================================

 Performance counter stats for 'numactl --interleave=all mpirun -np 16 --host head:8,work1:8 --map-by core --bind-to-core ./xhpl nohup':

     26,143,044.57 msec task-clock                #    7.994 CPUs utilized
           120,151      context-switches          #    4.596 /sec
                71      cpu-migrations            #    0.003 /sec
       101,052,545      page-faults               #    3.865 K/sec
82,783,347,855,745      cycles                    #    3.167 GHz
   501,562,548,143      stalled-cycles-frontend   #    0.61% frontend cycles idle
51,515,238,249,517      stalled-cycles-backend    #   62.23% backend cycles idle
259,812,347,179,518      instructions              #    3.14  insn per cycle
                                                  #    0.20  stalled cycles per insn
 4,389,048,497,266      branches                  #  167.886 M/sec
                 0      branch-misses             #    0.00% of all branches

    3270.200940760 seconds time elapsed

   25196.179948000 seconds user
     943.555060000 seconds sys