  This is RegCM development version
   GIT Revision: ISC24 compiled at: data : Jun  1 2024  time: 20:31:24

 : this run start at  : 2024-06-07 07:47:52+0000
 : it is submitted by : scteam04
 : it is running on   : head
 : it is using        :           16   processors
 : in directory       : /home/scteam04/RegCM/with-pnetcdf/run
                       
 CPUS DIM1 =            8
 CPUS DIM2 =            2

 Reading model namelist file
 Using default microphysical parameter.
 Initial date of the global simulation:  1900-01-01 00:00:00 UTC        
 Initial date of this run             :  1900-01-01 00:00:00 UTC        
 Final date of this run               :  1900-01-11 00:00:00 UTC        
 Total simulation lenght              :          240  hours
 Timestep in seconds =   30.000000
 Advection timestep =    10.000 (factor  3)
 Max. Courant number for horizontal advection =    1.0607
 Sound waves timestep =     2.000 (factor  5)
 Courant number of horizontal sound waves =    0.5017
 Setting IPCC scenario to CONST   
 Selected value at year         1900
 Create SAV files :  T
 Create ATM files :  T
 Create RAD files :  T
 Create SRF files :  T
 Create STS files :  T
 Create SHF files :  F
 Monthly new files are created
 Monthly SAV files are written
 Frequency in hours to create ATM :    3.0
 Frequency in hours to create RAD :    3.0
 Frequency in hours to create SRF :    3.0
 Physical Parameterizations
  Lateral Boundary conditions :  0
  Semi-Lagrangian Advection   :  0
  Land cumulus conv. scheme   :  0
  Ocean cumulus conv. scheme  :  0
  Moisture schem              :  2
  Ocean Flux scheme           :  2
  Zeng roughness formula      :  1
  Zeng roughness method       :  1
  Coupling with ocean         :  0
  Coupling with wave          :  0
  Coupling with COP           :  0
  Pressure gradient force     :  0
  Prescribed LW emissivity    :  0
  Lake model in BATS          :  0
  Simulate diurnal sst cycle  :  0
  Simulate sea ice cover      :  0
  Enable chem/aerosol model   :  0
  Large scale LWP as convect. :  0
  Cloud fraction scheme       :  7
  Marine stratocumulus        :  0
  Climate O3 dataset          :  0
  Climate Aerosol dataset     :  0
 Boundary Pameterizations
  Num. of bndy points cross  : 10
  Num. of bndy points dot    : 10
  Nudge value high range     :  3.000000
  Nudge value medium range   :  2.000000
  Nudge value low range      :  1.000000
  Nm paramter                : -1.000000
  Dm paramter                : -1.000000
 Model Timestep Pameterizations
  time step for dynamical model in seconds :          30.000000
  time step for surface   model in seconds :         600.000000
  time step for cumulus   model in seconds :         300.000000
  time step for radiation model in seconds :        1800.000000
  time step for emission  model in seconds :       64800.000000
 Model top at    30000.000000000000       m
 Domain grid parameters:
  Map Projection        : NORMER
  Dot Grid Full Extent  :  100x  50x 30
  Model Grid Spacing    :    2.000000 km
  Proj Center Latitude  :    0.000000 deg
  Proj Center longitude :   90.000000 deg
 Holtslag PBL Scheme
  ricr_ocn     =    0.250000
  ricr_lnd     =    0.250000
  zhnew_fac    =    0.250000
  ifaholt      =  0
  ifaholtth10  =  2
  holtth10iter =    1
 Cloud fraction schemes parameters
  # of bottom no cloud model levels :  1
  Maximum relative humidity         :    1.010000
  Minimum relative humidity         :    0.010000
  Maximum total cloud cover for rad :    1.000000
  Conv. CF UMF factor deep cumulus  :    0.140000
  Conv. CF UMF factor deep cumulus  :    0.140000
  Conv. CF UMF factor k2            :  500.000000
  Surface radiation hack            :           F
  Vavrus-Waliser Arctic cloud fix   :           T
 Convective Cloud Cover parameters after resolution scaling
  Maximum Convective Cloud Cover :    1.000000
  Convective Cloud Water         :    0.000300
 The surface energy budget is used to calculate the ground temperature.
 The radiation is computed every   30. minutes.
 The lateral boundary conditions are fixed.
 Successfully read in surface temperature.
 At  1900-01-01 00:00:00 UTC        
 JDay      0.00000 solar zenith angle = 42.05 degrees
                   solar TSI irradiance    =     340.0000 W/m^2
 Opening new output file output//IDEAL_ATM.1900010100.nc
 Opening new output file output//IDEAL_SRF.1900010100.nc
 Opening new output file output//IDEAL_STS.1900010100.nc
 Opening new output file output//IDEAL_RAD.1900010100.nc
 ATM variables written at  1900-01-01 00:00:00 UTC        
  # Ozone profile at (3,3) #
    0.170E-04  0.141E-04  0.728E-05  0.210E-05  0.305E-06  0.204E-07  0.640E-09
    0.111E-10  0.100E-11  0.100E-11  0.100E-11  0.100E-11  0.100E-11  0.100E-11
    0.100E-11  0.100E-11  0.100E-11  0.100E-11  0.100E-11  0.100E-11  0.100E-11
    0.100E-11  0.100E-11  0.100E-11  0.100E-11  0.100E-11  0.100E-11  0.100E-11
    0.100E-11  0.100E-11  0.100E-11  0.100E-11
 ATM variables written at  1900-01-01 03:00:00 UTC        
 SRF variables written at  1900-01-01 03:00:00 UTC        
 RAD variables written at  1900-01-01 03:00:00 UTC        
 $$$  1900-01-01 03:00:00 UTC        
 $$$ max, min of ps (mb) =  1017.08 1017.08
 ATM variables written at  1900-01-01 06:00:00 UTC        
 SRF variables written at  1900-01-01 06:00:00 UTC        
 RAD variables written at  1900-01-01 06:00:00 UTC        
 $$$  1900-01-01 06:00:00 UTC        
 $$$ max, min of ps (mb) =  1017.64 1017.64
 ATM variables written at  1900-01-01 09:00:00 UTC        
 SRF variables written at  1900-01-01 09:00:00 UTC        
 RAD variables written at  1900-01-01 09:00:00 UTC        
 $$$  1900-01-01 09:00:00 UTC        
 $$$ max, min of ps (mb) =  1018.19 1018.19
 ATM variables written at  1900-01-01 12:00:00 UTC        
 SRF variables written at  1900-01-01 12:00:00 UTC        
 RAD variables written at  1900-01-01 12:00:00 UTC        
 $$$  1900-01-01 12:00:00 UTC        
 $$$ max, min of ps (mb) =  1018.73 1018.73
 ATM variables written at  1900-01-01 15:00:00 UTC        
 SRF variables written at  1900-01-01 15:00:00 UTC        
 RAD variables written at  1900-01-01 15:00:00 UTC        
 $$$  1900-01-01 15:00:00 UTC        
 $$$ max, min of ps (mb) =  1019.26 1019.26
 ATM variables written at  1900-01-01 18:00:00 UTC        
 SRF variables written at  1900-01-01 18:00:00 UTC        
 RAD variables written at  1900-01-01 18:00:00 UTC        
 $$$  1900-01-01 18:00:00 UTC        
 $$$ max, min of ps (mb) =  1019.78 1019.78
 ATM variables written at  1900-01-01 21:00:00 UTC        
 SRF variables written at  1900-01-01 21:00:00 UTC        
 RAD variables written at  1900-01-01 21:00:00 UTC        
 $$$  1900-01-01 21:00:00 UTC        
 $$$ max, min of ps (mb) =  1020.30 1020.30
 At  1900-01-02 00:00:00 UTC        
 JDay      1.00000 solar zenith angle = 42.05 degrees
                   solar TSI irradiance    =     340.0000 W/m^2
 ATM variables written at  1900-01-02 00:00:00 UTC        
 SRF variables written at  1900-01-02 00:00:00 UTC        
 STS variables written at  1900-01-02 00:00:00 UTC        
 RAD variables written at  1900-01-02 00:00:00 UTC        
 $$$  1900-01-02 00:00:00 UTC        
 $$$ max, min of ps (mb) =  1020.80 1020.80
 ATM variables written at  1900-01-02 03:00:00 UTC        
 SRF variables written at  1900-01-02 03:00:00 UTC        
 RAD variables written at  1900-01-02 03:00:00 UTC        
 $$$  1900-01-02 03:00:00 UTC        
 $$$ max, min of ps (mb) =  1021.46 1021.16
 ATM variables written at  1900-01-02 06:00:00 UTC        
 SRF variables written at  1900-01-02 06:00:00 UTC        
 RAD variables written at  1900-01-02 06:00:00 UTC        
 $$$  1900-01-02 06:00:00 UTC        
 $$$ max, min of ps (mb) =  1022.02 1021.36
 ATM variables written at  1900-01-02 09:00:00 UTC        
 SRF variables written at  1900-01-02 09:00:00 UTC        
 RAD variables written at  1900-01-02 09:00:00 UTC        
 $$$  1900-01-02 09:00:00 UTC        
 $$$ max, min of ps (mb) =  1022.32 1021.85
 ATM variables written at  1900-01-02 12:00:00 UTC        
 SRF variables written at  1900-01-02 12:00:00 UTC        
 RAD variables written at  1900-01-02 12:00:00 UTC        
 $$$  1900-01-02 12:00:00 UTC        
 $$$ max, min of ps (mb) =  1022.79 1022.20
 ATM variables written at  1900-01-02 15:00:00 UTC        
 SRF variables written at  1900-01-02 15:00:00 UTC        
 RAD variables written at  1900-01-02 15:00:00 UTC        
 $$$  1900-01-02 15:00:00 UTC        
 $$$ max, min of ps (mb) =  1022.99 1021.36
 ATM variables written at  1900-01-02 18:00:00 UTC        
 SRF variables written at  1900-01-02 18:00:00 UTC        
 RAD variables written at  1900-01-02 18:00:00 UTC        
 $$$  1900-01-02 18:00:00 UTC        
 $$$ max, min of ps (mb) =  1023.03 1021.31
 ATM variables written at  1900-01-02 21:00:00 UTC        
 SRF variables written at  1900-01-02 21:00:00 UTC        
 RAD variables written at  1900-01-02 21:00:00 UTC        
 $$$  1900-01-02 21:00:00 UTC        
 $$$ max, min of ps (mb) =  1023.17 1020.71
 At  1900-01-03 00:00:00 UTC        
 JDay      2.00000 solar zenith angle = 42.05 degrees
                   solar TSI irradiance    =     340.0000 W/m^2
 ATM variables written at  1900-01-03 00:00:00 UTC        
 SRF variables written at  1900-01-03 00:00:00 UTC        
 STS variables written at  1900-01-03 00:00:00 UTC        
 RAD variables written at  1900-01-03 00:00:00 UTC        
 $$$  1900-01-03 00:00:00 UTC        
 $$$ max, min of ps (mb) =  1023.01 1020.16
 ATM variables written at  1900-01-03 03:00:00 UTC        
 SRF variables written at  1900-01-03 03:00:00 UTC        
 RAD variables written at  1900-01-03 03:00:00 UTC        
 $$$  1900-01-03 03:00:00 UTC        
 $$$ max, min of ps (mb) =  1022.96 1020.09
 ATM variables written at  1900-01-03 06:00:00 UTC        
 SRF variables written at  1900-01-03 06:00:00 UTC        
 RAD variables written at  1900-01-03 06:00:00 UTC        
 $$$  1900-01-03 06:00:00 UTC        
 $$$ max, min of ps (mb) =  1022.88 1020.72
 ATM variables written at  1900-01-03 09:00:00 UTC        
 SRF variables written at  1900-01-03 09:00:00 UTC        
 RAD variables written at  1900-01-03 09:00:00 UTC        
 $$$  1900-01-03 09:00:00 UTC        
 $$$ max, min of ps (mb) =  1023.10 1021.08
 ATM variables written at  1900-01-03 12:00:00 UTC        
 SRF variables written at  1900-01-03 12:00:00 UTC        
 RAD variables written at  1900-01-03 12:00:00 UTC        
 $$$  1900-01-03 12:00:00 UTC        
 $$$ max, min of ps (mb) =  1023.24 1021.41
 ATM variables written at  1900-01-03 15:00:00 UTC        
 SRF variables written at  1900-01-03 15:00:00 UTC        
 RAD variables written at  1900-01-03 15:00:00 UTC        
 $$$  1900-01-03 15:00:00 UTC        
 $$$ max, min of ps (mb) =  1023.30 1020.86
 ATM variables written at  1900-01-03 18:00:00 UTC        
 SRF variables written at  1900-01-03 18:00:00 UTC        
 RAD variables written at  1900-01-03 18:00:00 UTC        
 $$$  1900-01-03 18:00:00 UTC        
 $$$ max, min of ps (mb) =  1023.59 1021.85
 ATM variables written at  1900-01-03 21:00:00 UTC        
 SRF variables written at  1900-01-03 21:00:00 UTC        
 RAD variables written at  1900-01-03 21:00:00 UTC        
 $$$  1900-01-03 21:00:00 UTC        
 $$$ max, min of ps (mb) =  1023.70 1021.49
 At  1900-01-04 00:00:00 UTC        
 JDay      3.00000 solar zenith angle = 42.05 degrees
                   solar TSI irradiance    =     340.0000 W/m^2
 ATM variables written at  1900-01-04 00:00:00 UTC        
 SRF variables written at  1900-01-04 00:00:00 UTC        
 STS variables written at  1900-01-04 00:00:00 UTC        
 RAD variables written at  1900-01-04 00:00:00 UTC        
 $$$  1900-01-04 00:00:00 UTC        
 $$$ max, min of ps (mb) =  1024.28 1021.79
 ATM variables written at  1900-01-04 03:00:00 UTC        
 SRF variables written at  1900-01-04 03:00:00 UTC        
 RAD variables written at  1900-01-04 03:00:00 UTC        
 $$$  1900-01-04 03:00:00 UTC        
 $$$ max, min of ps (mb) =  1024.46 1022.70
 ATM variables written at  1900-01-04 06:00:00 UTC        
 SRF variables written at  1900-01-04 06:00:00 UTC        
 RAD variables written at  1900-01-04 06:00:00 UTC        
 $$$  1900-01-04 06:00:00 UTC        
 $$$ max, min of ps (mb) =  1024.60 1022.48
 ATM variables written at  1900-01-04 09:00:00 UTC        
 SRF variables written at  1900-01-04 09:00:00 UTC        
 RAD variables written at  1900-01-04 09:00:00 UTC        
 $$$  1900-01-04 09:00:00 UTC        
 $$$ max, min of ps (mb) =  1024.81 1023.16
 ATM variables written at  1900-01-04 12:00:00 UTC        
 SRF variables written at  1900-01-04 12:00:00 UTC        
 RAD variables written at  1900-01-04 12:00:00 UTC        
 $$$  1900-01-04 12:00:00 UTC        
 $$$ max, min of ps (mb) =  1025.02 1023.21
 ATM variables written at  1900-01-04 15:00:00 UTC        
 SRF variables written at  1900-01-04 15:00:00 UTC        
 RAD variables written at  1900-01-04 15:00:00 UTC        
 $$$  1900-01-04 15:00:00 UTC        
 $$$ max, min of ps (mb) =  1025.48 1023.58
 ATM variables written at  1900-01-04 18:00:00 UTC        
 SRF variables written at  1900-01-04 18:00:00 UTC        
 RAD variables written at  1900-01-04 18:00:00 UTC        
 $$$  1900-01-04 18:00:00 UTC        
 $$$ max, min of ps (mb) =  1025.46 1023.40
 ATM variables written at  1900-01-04 21:00:00 UTC        
 SRF variables written at  1900-01-04 21:00:00 UTC        
 RAD variables written at  1900-01-04 21:00:00 UTC        
 $$$  1900-01-04 21:00:00 UTC        
 $$$ max, min of ps (mb) =  1025.69 1024.53
 At  1900-01-05 00:00:00 UTC        
 JDay      4.00000 solar zenith angle = 42.05 degrees
                   solar TSI irradiance    =     340.0000 W/m^2
 ATM variables written at  1900-01-05 00:00:00 UTC        
 SRF variables written at  1900-01-05 00:00:00 UTC        
 STS variables written at  1900-01-05 00:00:00 UTC        
 RAD variables written at  1900-01-05 00:00:00 UTC        
 $$$  1900-01-05 00:00:00 UTC        
 $$$ max, min of ps (mb) =  1025.91 1024.30
 ATM variables written at  1900-01-05 03:00:00 UTC        
 SRF variables written at  1900-01-05 03:00:00 UTC        
 RAD variables written at  1900-01-05 03:00:00 UTC        
 $$$  1900-01-05 03:00:00 UTC        
 $$$ max, min of ps (mb) =  1026.36 1024.92
 ATM variables written at  1900-01-05 06:00:00 UTC        
 SRF variables written at  1900-01-05 06:00:00 UTC        
 RAD variables written at  1900-01-05 06:00:00 UTC        
 $$$  1900-01-05 06:00:00 UTC        
 $$$ max, min of ps (mb) =  1026.41 1024.84
 ATM variables written at  1900-01-05 09:00:00 UTC        
 SRF variables written at  1900-01-05 09:00:00 UTC        
 RAD variables written at  1900-01-05 09:00:00 UTC        
 $$$  1900-01-05 09:00:00 UTC        
 $$$ max, min of ps (mb) =  1026.64 1025.10
 ATM variables written at  1900-01-05 12:00:00 UTC        
 SRF variables written at  1900-01-05 12:00:00 UTC        
 RAD variables written at  1900-01-05 12:00:00 UTC        
 $$$  1900-01-05 12:00:00 UTC        
 $$$ max, min of ps (mb) =  1026.91 1025.81
 ATM variables written at  1900-01-05 15:00:00 UTC        
 SRF variables written at  1900-01-05 15:00:00 UTC        
 RAD variables written at  1900-01-05 15:00:00 UTC        
 $$$  1900-01-05 15:00:00 UTC        
 $$$ max, min of ps (mb) =  1027.15 1025.79
 ATM variables written at  1900-01-05 18:00:00 UTC        
 SRF variables written at  1900-01-05 18:00:00 UTC        
 RAD variables written at  1900-01-05 18:00:00 UTC        
 $$$  1900-01-05 18:00:00 UTC        
 $$$ max, min of ps (mb) =  1027.34 1025.87
 ATM variables written at  1900-01-05 21:00:00 UTC        
 SRF variables written at  1900-01-05 21:00:00 UTC        
 RAD variables written at  1900-01-05 21:00:00 UTC        
 $$$  1900-01-05 21:00:00 UTC        
 $$$ max, min of ps (mb) =  1027.72 1026.05
 At  1900-01-06 00:00:00 UTC        
 JDay      5.00000 solar zenith angle = 42.05 degrees
                   solar TSI irradiance    =     340.0000 W/m^2
 ATM variables written at  1900-01-06 00:00:00 UTC        
 SRF variables written at  1900-01-06 00:00:00 UTC        
 STS variables written at  1900-01-06 00:00:00 UTC        
 RAD variables written at  1900-01-06 00:00:00 UTC        
 $$$  1900-01-06 00:00:00 UTC        
 $$$ max, min of ps (mb) =  1027.95 1026.84
 ATM variables written at  1900-01-06 03:00:00 UTC        
 SRF variables written at  1900-01-06 03:00:00 UTC        
 RAD variables written at  1900-01-06 03:00:00 UTC        
 $$$  1900-01-06 03:00:00 UTC        
 $$$ max, min of ps (mb) =  1028.31 1026.72
 ATM variables written at  1900-01-06 06:00:00 UTC        
 SRF variables written at  1900-01-06 06:00:00 UTC        
 RAD variables written at  1900-01-06 06:00:00 UTC        
 $$$  1900-01-06 06:00:00 UTC        
 $$$ max, min of ps (mb) =  1028.58 1026.52
 ATM variables written at  1900-01-06 09:00:00 UTC        
 SRF variables written at  1900-01-06 09:00:00 UTC        
 RAD variables written at  1900-01-06 09:00:00 UTC        
 $$$  1900-01-06 09:00:00 UTC        
 $$$ max, min of ps (mb) =  1028.85 1026.97
 ATM variables written at  1900-01-06 12:00:00 UTC        
 SRF variables written at  1900-01-06 12:00:00 UTC        
 RAD variables written at  1900-01-06 12:00:00 UTC        
 $$$  1900-01-06 12:00:00 UTC        
 $$$ max, min of ps (mb) =  1029.27 1027.32
 ATM variables written at  1900-01-06 15:00:00 UTC        
 SRF variables written at  1900-01-06 15:00:00 UTC        
 RAD variables written at  1900-01-06 15:00:00 UTC        
 $$$  1900-01-06 15:00:00 UTC        
 $$$ max, min of ps (mb) =  1029.27 1027.21
 ATM variables written at  1900-01-06 18:00:00 UTC        
 SRF variables written at  1900-01-06 18:00:00 UTC        
 RAD variables written at  1900-01-06 18:00:00 UTC        
 $$$  1900-01-06 18:00:00 UTC        
 $$$ max, min of ps (mb) =  1029.55 1028.06
 ATM variables written at  1900-01-06 21:00:00 UTC        
 SRF variables written at  1900-01-06 21:00:00 UTC        
 RAD variables written at  1900-01-06 21:00:00 UTC        
 $$$  1900-01-06 21:00:00 UTC        
 $$$ max, min of ps (mb) =  1029.77 1027.05
 At  1900-01-07 00:00:00 UTC        
 JDay      6.00000 solar zenith angle = 42.05 degrees
                   solar TSI irradiance    =     340.0000 W/m^2
 ATM variables written at  1900-01-07 00:00:00 UTC        
 SRF variables written at  1900-01-07 00:00:00 UTC        
 STS variables written at  1900-01-07 00:00:00 UTC        
 RAD variables written at  1900-01-07 00:00:00 UTC        
 $$$  1900-01-07 00:00:00 UTC        
 $$$ max, min of ps (mb) =  1030.22 1027.06
 ATM variables written at  1900-01-07 03:00:00 UTC        
 SRF variables written at  1900-01-07 03:00:00 UTC        
 RAD variables written at  1900-01-07 03:00:00 UTC        
 $$$  1900-01-07 03:00:00 UTC        
 $$$ max, min of ps (mb) =  1030.48 1029.13
 ATM variables written at  1900-01-07 06:00:00 UTC        
 SRF variables written at  1900-01-07 06:00:00 UTC        
 RAD variables written at  1900-01-07 06:00:00 UTC        
 $$$  1900-01-07 06:00:00 UTC        
 $$$ max, min of ps (mb) =  1030.61 1028.67
 ATM variables written at  1900-01-07 09:00:00 UTC        
 SRF variables written at  1900-01-07 09:00:00 UTC        
 RAD variables written at  1900-01-07 09:00:00 UTC        
 $$$  1900-01-07 09:00:00 UTC        
 $$$ max, min of ps (mb) =  1030.79 1029.07
 ATM variables written at  1900-01-07 12:00:00 UTC        
 SRF variables written at  1900-01-07 12:00:00 UTC        
 RAD variables written at  1900-01-07 12:00:00 UTC        
 $$$  1900-01-07 12:00:00 UTC        
 $$$ max, min of ps (mb) =  1031.22 1029.11
 ATM variables written at  1900-01-07 15:00:00 UTC        
 SRF variables written at  1900-01-07 15:00:00 UTC        
 RAD variables written at  1900-01-07 15:00:00 UTC        
 $$$  1900-01-07 15:00:00 UTC        
 $$$ max, min of ps (mb) =  1031.32 1029.35
 ATM variables written at  1900-01-07 18:00:00 UTC        
 SRF variables written at  1900-01-07 18:00:00 UTC        
 RAD variables written at  1900-01-07 18:00:00 UTC        
 $$$  1900-01-07 18:00:00 UTC        
 $$$ max, min of ps (mb) =  1031.59 1030.03
 ATM variables written at  1900-01-07 21:00:00 UTC        
 SRF variables written at  1900-01-07 21:00:00 UTC        
 RAD variables written at  1900-01-07 21:00:00 UTC        
 $$$  1900-01-07 21:00:00 UTC        
 $$$ max, min of ps (mb) =  1031.83 1030.07
 At  1900-01-08 00:00:00 UTC        
 JDay      7.00000 solar zenith angle = 42.05 degrees
                   solar TSI irradiance    =     340.0000 W/m^2
 ATM variables written at  1900-01-08 00:00:00 UTC        
 SRF variables written at  1900-01-08 00:00:00 UTC        
 STS variables written at  1900-01-08 00:00:00 UTC        
 RAD variables written at  1900-01-08 00:00:00 UTC        
 $$$  1900-01-08 00:00:00 UTC        
 $$$ max, min of ps (mb) =  1032.01 1030.04
 ATM variables written at  1900-01-08 03:00:00 UTC        
 SRF variables written at  1900-01-08 03:00:00 UTC        
 RAD variables written at  1900-01-08 03:00:00 UTC        
 $$$  1900-01-08 03:00:00 UTC        
 $$$ max, min of ps (mb) =  1032.14 1030.12
 ATM variables written at  1900-01-08 06:00:00 UTC        
 SRF variables written at  1900-01-08 06:00:00 UTC        
 RAD variables written at  1900-01-08 06:00:00 UTC        
 $$$  1900-01-08 06:00:00 UTC        
 $$$ max, min of ps (mb) =  1032.34 1030.35
 ATM variables written at  1900-01-08 09:00:00 UTC        
 SRF variables written at  1900-01-08 09:00:00 UTC        
 RAD variables written at  1900-01-08 09:00:00 UTC        
 $$$  1900-01-08 09:00:00 UTC        
 $$$ max, min of ps (mb) =  1032.74 1031.02
 ATM variables written at  1900-01-08 12:00:00 UTC        
 SRF variables written at  1900-01-08 12:00:00 UTC        
 RAD variables written at  1900-01-08 12:00:00 UTC        
 $$$  1900-01-08 12:00:00 UTC        
 $$$ max, min of ps (mb) =  1032.98 1030.49
 ATM variables written at  1900-01-08 15:00:00 UTC        
 SRF variables written at  1900-01-08 15:00:00 UTC        
 RAD variables written at  1900-01-08 15:00:00 UTC        
 $$$  1900-01-08 15:00:00 UTC        
 $$$ max, min of ps (mb) =  1032.95 1030.81
 ATM variables written at  1900-01-08 18:00:00 UTC        
 SRF variables written at  1900-01-08 18:00:00 UTC        
 RAD variables written at  1900-01-08 18:00:00 UTC        
 $$$  1900-01-08 18:00:00 UTC        
 $$$ max, min of ps (mb) =  1033.21 1031.30
 ATM variables written at  1900-01-08 21:00:00 UTC        
 SRF variables written at  1900-01-08 21:00:00 UTC        
 RAD variables written at  1900-01-08 21:00:00 UTC        
 $$$  1900-01-08 21:00:00 UTC        
 $$$ max, min of ps (mb) =  1033.35 1031.67
 At  1900-01-09 00:00:00 UTC        
 JDay      8.00000 solar zenith angle = 42.05 degrees
                   solar TSI irradiance    =     340.0000 W/m^2
 ATM variables written at  1900-01-09 00:00:00 UTC        
 SRF variables written at  1900-01-09 00:00:00 UTC        
 STS variables written at  1900-01-09 00:00:00 UTC        
 RAD variables written at  1900-01-09 00:00:00 UTC        
 $$$  1900-01-09 00:00:00 UTC        
 $$$ max, min of ps (mb) =  1033.64 1031.99
 ATM variables written at  1900-01-09 03:00:00 UTC        
 SRF variables written at  1900-01-09 03:00:00 UTC        
 RAD variables written at  1900-01-09 03:00:00 UTC        
 $$$  1900-01-09 03:00:00 UTC        
 $$$ max, min of ps (mb) =  1033.88 1031.71
 ATM variables written at  1900-01-09 06:00:00 UTC        
 SRF variables written at  1900-01-09 06:00:00 UTC        
 RAD variables written at  1900-01-09 06:00:00 UTC        
 $$$  1900-01-09 06:00:00 UTC        
 $$$ max, min of ps (mb) =  1034.25 1031.38
 ATM variables written at  1900-01-09 09:00:00 UTC        
 SRF variables written at  1900-01-09 09:00:00 UTC        
 RAD variables written at  1900-01-09 09:00:00 UTC        
 $$$  1900-01-09 09:00:00 UTC        
 $$$ max, min of ps (mb) =  1034.29 1032.00
 ATM variables written at  1900-01-09 12:00:00 UTC        
 SRF variables written at  1900-01-09 12:00:00 UTC        
 RAD variables written at  1900-01-09 12:00:00 UTC        
 $$$  1900-01-09 12:00:00 UTC        
 $$$ max, min of ps (mb) =  1034.42 1031.91
 ATM variables written at  1900-01-09 15:00:00 UTC        
 SRF variables written at  1900-01-09 15:00:00 UTC        
 RAD variables written at  1900-01-09 15:00:00 UTC        
 $$$  1900-01-09 15:00:00 UTC        
 $$$ max, min of ps (mb) =  1034.59 1032.72
 ATM variables written at  1900-01-09 18:00:00 UTC        
 SRF variables written at  1900-01-09 18:00:00 UTC        
 RAD variables written at  1900-01-09 18:00:00 UTC        
 $$$  1900-01-09 18:00:00 UTC        
 $$$ max, min of ps (mb) =  1034.82 1032.65
 ATM variables written at  1900-01-09 21:00:00 UTC        
 SRF variables written at  1900-01-09 21:00:00 UTC        
 RAD variables written at  1900-01-09 21:00:00 UTC        
 $$$  1900-01-09 21:00:00 UTC        
 $$$ max, min of ps (mb) =  1035.02 1032.85
 At  1900-01-10 00:00:00 UTC        
 JDay      9.00000 solar zenith angle = 42.05 degrees
                   solar TSI irradiance    =     340.0000 W/m^2
 ATM variables written at  1900-01-10 00:00:00 UTC        
 SRF variables written at  1900-01-10 00:00:00 UTC        
 STS variables written at  1900-01-10 00:00:00 UTC        
 RAD variables written at  1900-01-10 00:00:00 UTC        
 $$$  1900-01-10 00:00:00 UTC        
 $$$ max, min of ps (mb) =  1035.24 1031.85
 ATM variables written at  1900-01-10 03:00:00 UTC        
 SRF variables written at  1900-01-10 03:00:00 UTC        
 RAD variables written at  1900-01-10 03:00:00 UTC        
 $$$  1900-01-10 03:00:00 UTC        
 $$$ max, min of ps (mb) =  1035.49 1032.32
 ATM variables written at  1900-01-10 06:00:00 UTC        
 SRF variables written at  1900-01-10 06:00:00 UTC        
 RAD variables written at  1900-01-10 06:00:00 UTC        
 $$$  1900-01-10 06:00:00 UTC        
 $$$ max, min of ps (mb) =  1035.69 1033.07
 ATM variables written at  1900-01-10 09:00:00 UTC        
 SRF variables written at  1900-01-10 09:00:00 UTC        
 RAD variables written at  1900-01-10 09:00:00 UTC        
 $$$  1900-01-10 09:00:00 UTC        
 $$$ max, min of ps (mb) =  1035.83 1033.76
 ATM variables written at  1900-01-10 12:00:00 UTC        
 SRF variables written at  1900-01-10 12:00:00 UTC        
 RAD variables written at  1900-01-10 12:00:00 UTC        
 $$$  1900-01-10 12:00:00 UTC        
 $$$ max, min of ps (mb) =  1035.76 1033.59
 ATM variables written at  1900-01-10 15:00:00 UTC        
 SRF variables written at  1900-01-10 15:00:00 UTC        
 RAD variables written at  1900-01-10 15:00:00 UTC        
 $$$  1900-01-10 15:00:00 UTC        
 $$$ max, min of ps (mb) =  1035.90 1032.96
 ATM variables written at  1900-01-10 18:00:00 UTC        
 SRF variables written at  1900-01-10 18:00:00 UTC        
 RAD variables written at  1900-01-10 18:00:00 UTC        
 $$$  1900-01-10 18:00:00 UTC        
 $$$ max, min of ps (mb) =  1036.13 1033.08
 ATM variables written at  1900-01-10 21:00:00 UTC        
 SRF variables written at  1900-01-10 21:00:00 UTC        
 RAD variables written at  1900-01-10 21:00:00 UTC        
 $$$  1900-01-10 21:00:00 UTC        
 $$$ max, min of ps (mb) =  1036.30 1034.40
 At  1900-01-11 00:00:00 UTC        
 JDay     10.00000 solar zenith angle = 42.05 degrees
                   solar TSI irradiance    =     340.0000 W/m^2
 ATM variables written at  1900-01-11 00:00:00 UTC        
 SRF variables written at  1900-01-11 00:00:00 UTC        
 STS variables written at  1900-01-11 00:00:00 UTC        
 RAD variables written at  1900-01-11 00:00:00 UTC        
 SAV variables written at  1900-01-11 00:00:00 UTC        
 Final time  1900-01-11 00:00:00 UTC reached.
 Elapsed seconds of run for this month :    1728.58728    
 : this run stops at  : 2024-06-07 08:16:56+0000
 : Run has been completed using           16  processors.
 : Total elapsed seconds of run :    1728.5908990016151     
 RegCM V5 simulation successfully reached end
